
ROM used: 185 (2%)
          2048 (25%) including unused fragments

          1 Average locations per line
          6 Average locations per statement

RAM used: 18 (10%) at main() level
          18 (10%) worst case

Lines Stmts  %   Files
----- ----- ---  -----
   45    30 100  C:\Users\ramse\Downloads\Proyecto\main.c
  259     0   0  C:\Program Files (x86)\PICC\devices\16f877.h
----- -----
  608    60 Total

Page ROM  %  RAM  Functions:
---- --- --- ---  ----------
3      1   1   0  loader16F877
0     67  36   0  teclado
0     64  35   0  main

 Segment   Used  Free
---------  ----  ----
00000-00003     4  0
00004-00034    49  0
00035-007FF   131  1864
00800-00FFF     0  2048
01000-017FF     0  2048
01800-01EFF     0  1792
01F00-01FFF     1  255

