MPASM  5.51                           LCD.ASM   3-17-2019  19:42:10         PAGE  1


LOC  OBJECT CODE     LINE SOURCE TEXT
  VALUE

Warning[205]: Found directive in column 1. (processor)
                      00001 processor 16f877
Warning[205]: Found directive in column 1. (include)
                      00002 include<p16f877.inc>
                      00001         LIST
                      00002 
                      00003 ;==========================================================================
                      00004 ;  MPASM PIC16F877 processor include
                      00005 ; 
                      00006 ;  (c) Copyright 1999-2013 Microchip Technology, All rights reserved
                      00007 ;==========================================================================
                      00008 
Message[301]: MESSAGE: (Processor-header file mismatch.  Verify selected processor.)
                      00540         LIST
  00000021            00003 valor1 equ h'21' 
  00000022            00004 valor2 equ h'22' 
  00000023            00005 valor3 equ h'23' 
  00000003            00006 cte1 equ h'03'
  00000006            00007 cte11 equ h'06'
  000000FF            00008 cte2 equ h'ff' 
  000000FF            00009 cte3 equ h'ff'
0000                  00010         org 0
0000   284B           00011         goto inicio
0005                  00012         org 5
0005   1683           00013 ini BSF STATUS,RP0  ;Cambia la banco 1   
0006   1303           00014         BCF STATUS,RP1
0007   3006           00015         movlw h'06'
Message[302]: Register in operand not in bank 0.  Ensure that bank bits are correct.
0008   009F           00016         movwf ADCON1 ;Pone el puerto A como digital         
0009   303F           00017         MOVLW h'3f'  ;Configura el puerto A como entrada  
Message[302]: Register in operand not in bank 0.  Ensure that bank bits are correct.
000A   0085           00018         MOVWF  TRISA
Message[302]: Register in operand not in bank 0.  Ensure that bank bits are correct.
000B   0186           00019         CLRF TRISB ;Configura el puerto B como salida
Message[302]: Register in operand not in bank 0.  Ensure that bank bits are correct.
000C   0188           00020         CLRF TRISD ;Configura el puerto D como salida
000D   1283           00021         BCF STATUS,RP0 ;Regresa al banco 0
000E   0185           00022         CLRF PORTA ;Limpia el portA
000F   0186           00023         CLRF PORTB ;Limpia el portB
0010   0188           00024         CLRF PORTD ;Limpia el portD
0011   283E           00025         goto inicializacion
0012   2031           00026 comando call retardo2
0013   3080           00027         movlw h'80' ; ERS00 0000 E = 1 RS = 0 -> 1000 0000
0014   0088           00028         movwf PORTD ; PORTD <- W
0015   2031           00029         call retardo2
0016   3000           00030         movlw h'00' ; ERS00 0000 E = 0 RS = 0 -> 0000 0000
0017   0088           00031         movwf PORTD ; PORTD <- W
0018   2031           00032         call retardo2
0019   2031           00033         call retardo2
001A   0008           00034         return
001B   2031           00035 datos call retardo2
001C   30C0           00036         movlw h'C0' ; ERS00 0000 E = 1 RS = 1 -> 1100 0000
001D   0088           00037         movwf PORTD ; PORTD <- W
MPASM  5.51                           LCD.ASM   3-17-2019  19:42:10         PAGE  2


LOC  OBJECT CODE     LINE SOURCE TEXT
  VALUE

001E   2031           00038         call retardo2
001F   3000           00039         movlw h'00' ;ERS00 0000 E = 0 RS = 0 -> 0000 0000
0020   0088           00040         movwf PORTD ; PORTD <- W
0021   2031           00041         call retardo2
0022   2031           00042         call retardo2
0023   0008           00043         return
0024   3003           00044 retardo movlw cte1 ;retardo de 100 ms
0025   00A1           00045         movwf valor1 
0026   30FF           00046 tres movlw cte2
0027   00A2           00047         movwf valor2 
0028   30FF           00048 dos  movlw cte3   
0029   00A3           00049         movwf valor3 
Message[305]: Using default destination of 1 (file).
002A   0BA3           00050 uno  decfsz valor3
002B   282A           00051         goto uno
Message[305]: Using default destination of 1 (file).
002C   0BA2           00052         decfsz valor2
002D   2828           00053         goto dos
Message[305]: Using default destination of 1 (file).
002E   0BA1           00054         decfsz valor1
002F   2826           00055         goto tres
0030   0008           00056         return
0031   3006           00057 retardo2 movlw cte11 ;retardo de 200 ms
0032   00A1           00058         movwf valor1 
0033   30FF           00059 tre movlw cte2
0034   00A2           00060         movwf valor2 
0035   30FF           00061 do  movlw cte3   
0036   00A3           00062         movwf valor3 
Message[305]: Using default destination of 1 (file).
0037   0BA3           00063 un  decfsz valor3
0038   2837           00064         goto un
Message[305]: Using default destination of 1 (file).
0039   0BA2           00065         decfsz valor2
003A   2835           00066         goto do
Message[305]: Using default destination of 1 (file).
003B   0BA1           00067         decfsz valor1
003C   2833           00068         goto tre
003D   0008           00069         return
003E                  00070 inicializacion
003E   1308           00071         bcf PORTD,h'06' 
                      00072         ;MOVLW h'30' ;Pasamos el h'30' a w   w = 30h
                      00073         ;movwf PORTB ; PortD <- w
                      00074         ;call comando
                      00075         ;call retardo
                      00076         ;MOVLW h'30' ;Pasamos el h'30' a w   w = 30h
                      00077         ;movwf PORTB ; PortD <- w
                      00078         ;call comando
                      00079         ;call retardo
                      00080         ;MOVLW h'38' ;Pasamos el h'38' a w   w = 38h
                      00081         ;movwf PORTB ; PortD <- w
                      00082         ;call comando
003F   3001           00083         MOVLW h'01' ;Pasamos el h'01' a w   w = 0ch  Limpia la pantalla
0040   0086           00084         movwf PORTB ; PortD <- w
MPASM  5.51                           LCD.ASM   3-17-2019  19:42:10         PAGE  3


LOC  OBJECT CODE     LINE SOURCE TEXT
  VALUE

0041   2012           00085         call comando
0042   300C           00086         MOVLW h'0C' ;Pasamos el h'0C' a w   w = 01h  Nos coloca en el 1er cuadro
0043   0086           00087         movwf PORTB ; PortD <- w
0044   2012           00088         call comando
                      00089         ;MOVLW h'06' ;Pasamos el h'06' a w   w = 06h
                      00090         ;movwf PORTB ; PortD <- w
                      00091         ;call comando
                      00092         ;MOVLW h'02' ;Pasamos el h'02' a w   w = 02h
                      00093         ;movwf PORTB ; PortD <- w
                      00094         ;call comando
                      00095         ;MOVLW h'80' ;Pasamos el h'80' a w   w = 06h
                      00096         ;movwf PORTB ; PortD <- w
                      00097         ;call comando
0045   303C           00098         MOVLW h'3C' ;Pasamos el h'01' a w   w = 0ch  Da de alta el cursor
0046   0086           00099         movwf PORTB ; PortD <- w
0047   2012           00100         call comando
0048   1708           00101         bsf PORTD,h'06'
0049   204B           00102         call inicio
004A   283E           00103         goto inicializacion
004B   3041           00104 inicio movlw 'A'
004C   0086           00105         MOVWF PORTB
004D   201B           00106         CALL datos
004E   0008           00107         return
Warning[205]: Found directive in column 1. (end)
                      00108 end
MPASM  5.51                           LCD.ASM   3-17-2019  19:42:10         PAGE  4


SYMBOL TABLE
  LABEL                             VALUE 

ACKDT                             00000005
ACKEN                             00000004
ACKSTAT                           00000006
ADCON0                            0000001F
ADCON1                            0000009F
ADCS0                             00000006
ADCS1                             00000007
ADDEN                             00000003
ADFM                              00000007
ADIE                              00000006
ADIF                              00000006
ADON                              00000000
ADRESH                            0000001E
ADRESL                            0000009E
BCLIE                             00000003
BCLIF                             00000003
BF                                00000000
BRGH                              00000002
C                                 00000000
CCP1CON                           00000017
CCP1IE                            00000002
CCP1IF                            00000002
CCP1M0                            00000000
CCP1M1                            00000001
CCP1M2                            00000002
CCP1M3                            00000003
CCP1X                             00000005
CCP1Y                             00000004
CCP2CON                           0000001D
CCP2IE                            00000000
CCP2IF                            00000000
CCP2M0                            00000000
CCP2M1                            00000001
CCP2M2                            00000002
CCP2M3                            00000003
CCP2X                             00000005
CCP2Y                             00000004
CCPR1                             00000015
CCPR1H                            00000016
CCPR1L                            00000015
CCPR2                             0000001B
CCPR2H                            0000001C
CCPR2L                            0000001B
CHS0                              00000003
CHS1                              00000004
CHS2                              00000005
CKE                               00000006
CKP                               00000004
CREN                              00000004
CSRC                              00000007
D                                 00000005
DATA_ADDRESS                      00000005
DC                                00000001
MPASM  5.51                           LCD.ASM   3-17-2019  19:42:10         PAGE  5


SYMBOL TABLE
  LABEL                             VALUE 

D_A                               00000005
D_NOT_A                           00000005
EEADR                             0000010D
EEADRH                            0000010F
EECON1                            0000018C
EECON2                            0000018D
EEDATA                            0000010C
EEDATH                            0000010E
EEIE                              00000004
EEIF                              00000004
EEPGD                             00000007
F                                 00000001
FERR                              00000002
FSR                               00000004
GCEN                              00000007
GIE                               00000007
GO                                00000002
GO_DONE                           00000002
GO_NOT_DONE                       00000002
I2C_DATA                          00000005
I2C_READ                          00000002
I2C_START                         00000003
I2C_STOP                          00000004
IBF                               00000007
IBOV                              00000005
INDF                              00000000
INTCON                            0000000B
INTE                              00000004
INTEDG                            00000006
INTF                              00000001
IRP                               00000007
NOT_A                             00000005
NOT_ADDRESS                       00000005
NOT_BO                            00000000
NOT_BOR                           00000000
NOT_DONE                          00000002
NOT_PD                            00000003
NOT_POR                           00000001
NOT_RBPU                          00000007
NOT_RC8                           00000006
NOT_T1SYNC                        00000002
NOT_TO                            00000004
NOT_TX8                           00000006
NOT_W                             00000002
NOT_WRITE                         00000002
OBF                               00000006
OERR                              00000001
OPTION_REG                        00000081
P                                 00000004
PCFG0                             00000000
PCFG1                             00000001
PCFG2                             00000002
PCFG3                             00000003
MPASM  5.51                           LCD.ASM   3-17-2019  19:42:10         PAGE  6


SYMBOL TABLE
  LABEL                             VALUE 

PCL                               00000002
PCLATH                            0000000A
PCON                              0000008E
PEIE                              00000006
PEN                               00000002
PIE1                              0000008C
PIE2                              0000008D
PIR1                              0000000C
PIR2                              0000000D
PORTA                             00000005
PORTB                             00000006
PORTC                             00000007
PORTD                             00000008
PORTE                             00000009
PR2                               00000092
PS0                               00000000
PS1                               00000001
PS2                               00000002
PSA                               00000003
PSPIE                             00000007
PSPIF                             00000007
PSPMODE                           00000004
R                                 00000002
RA0                               00000000
RA1                               00000001
RA2                               00000002
RA3                               00000003
RA4                               00000004
RA5                               00000005
RB0                               00000000
RB1                               00000001
RB2                               00000002
RB3                               00000003
RB4                               00000004
RB5                               00000005
RB6                               00000006
RB7                               00000007
RBIE                              00000003
RBIF                              00000000
RC0                               00000000
RC1                               00000001
RC2                               00000002
RC3                               00000003
RC4                               00000004
RC5                               00000005
RC6                               00000006
RC7                               00000007
RC8_9                             00000006
RC9                               00000006
RCD8                              00000000
RCEN                              00000003
RCIE                              00000005
RCIF                              00000005
MPASM  5.51                           LCD.ASM   3-17-2019  19:42:10         PAGE  7


SYMBOL TABLE
  LABEL                             VALUE 

RCREG                             0000001A
RCSTA                             00000018
RD                                00000000
RD0                               00000000
RD1                               00000001
RD2                               00000002
RD3                               00000003
RD4                               00000004
RD5                               00000005
RD6                               00000006
RD7                               00000007
RE0                               00000000
RE1                               00000001
RE2                               00000002
READ_WRITE                        00000002
RP0                               00000005
RP1                               00000006
RSEN                              00000001
RX9                               00000006
RX9D                              00000000
R_NOT_W                           00000002
R_W                               00000002
S                                 00000003
SEN                               00000000
SMP                               00000007
SPBRG                             00000099
SPEN                              00000007
SREN                              00000005
SSPADD                            00000093
SSPBUF                            00000013
SSPCON                            00000014
SSPCON2                           00000091
SSPEN                             00000005
SSPIE                             00000003
SSPIF                             00000003
SSPM0                             00000000
SSPM1                             00000001
SSPM2                             00000002
SSPM3                             00000003
SSPOV                             00000006
SSPSTAT                           00000094
STATUS                            00000003
SYNC                              00000004
T0CS                              00000005
T0IE                              00000005
T0IF                              00000002
T0SE                              00000004
T1CKPS0                           00000004
T1CKPS1                           00000005
T1CON                             00000010
T1INSYNC                          00000002
T1OSCEN                           00000003
T1SYNC                            00000002
MPASM  5.51                           LCD.ASM   3-17-2019  19:42:10         PAGE  8


SYMBOL TABLE
  LABEL                             VALUE 

T2CKPS0                           00000000
T2CKPS1                           00000001
T2CON                             00000012
TMR0                              00000001
TMR0IE                            00000005
TMR0IF                            00000002
TMR1                              0000000E
TMR1CS                            00000001
TMR1H                             0000000F
TMR1IE                            00000000
TMR1IF                            00000000
TMR1L                             0000000E
TMR1ON                            00000000
TMR2                              00000011
TMR2IE                            00000001
TMR2IF                            00000001
TMR2ON                            00000002
TOUTPS0                           00000003
TOUTPS1                           00000004
TOUTPS2                           00000005
TOUTPS3                           00000006
TRISA                             00000085
TRISA0                            00000000
TRISA1                            00000001
TRISA2                            00000002
TRISA3                            00000003
TRISA4                            00000004
TRISA5                            00000005
TRISB                             00000086
TRISB0                            00000000
TRISB1                            00000001
TRISB2                            00000002
TRISB3                            00000003
TRISB4                            00000004
TRISB5                            00000005
TRISB6                            00000006
TRISB7                            00000007
TRISC                             00000087
TRISC0                            00000000
TRISC1                            00000001
TRISC2                            00000002
TRISC3                            00000003
TRISC4                            00000004
TRISC5                            00000005
TRISC6                            00000006
TRISC7                            00000007
TRISD                             00000088
TRISD0                            00000000
TRISD1                            00000001
TRISD2                            00000002
TRISD3                            00000003
TRISD4                            00000004
TRISD5                            00000005
MPASM  5.51                           LCD.ASM   3-17-2019  19:42:10         PAGE  9


SYMBOL TABLE
  LABEL                             VALUE 

TRISD6                            00000006
TRISD7                            00000007
TRISE                             00000089
TRISE0                            00000000
TRISE1                            00000001
TRISE2                            00000002
TRMT                              00000001
TX8_9                             00000006
TX9                               00000006
TX9D                              00000000
TXD8                              00000000
TXEN                              00000005
TXIE                              00000004
TXIF                              00000004
TXREG                             00000019
TXSTA                             00000098
UA                                00000001
W                                 00000000
WCOL                              00000007
WR                                00000001
WREN                              00000002
WRERR                             00000003
Z                                 00000002
_BODEN_OFF                        00003FBF
_BODEN_ON                         00003FFF
_BOREN_OFF                        00003FBF
_BOREN_ON                         00003FFF
_CONFIG                           00002007
_CPD_OFF                          00003FFF
_CPD_ON                           00003EFF
_CP_ALL                           00000FCF
_CP_HALF                          00001FDF
_CP_OFF                           00003FFF
_CP_UPPER_256                     00002FEF
_DEBUG_OFF                        00003FFF
_DEBUG_ON                         000037FF
_DEVID1                           00002006
_FOSC_EXTRC                       00003FFF
_FOSC_HS                          00003FFE
_FOSC_LP                          00003FFC
_FOSC_XT                          00003FFD
_HS_OSC                           00003FFE
_IDLOC0                           00002000
_IDLOC1                           00002001
_IDLOC2                           00002002
_IDLOC3                           00002003
_LP_OSC                           00003FFC
_LVP_OFF                          00003F7F
_LVP_ON                           00003FFF
_PWRTE_OFF                        00003FFF
_PWRTE_ON                         00003FF7
_RC_OSC                           00003FFF
_WDTE_OFF                         00003FFB
MPASM  5.51                           LCD.ASM   3-17-2019  19:42:10         PAGE 10


SYMBOL TABLE
  LABEL                             VALUE 

_WDTE_ON                          00003FFF
_WDT_OFF                          00003FFB
_WDT_ON                           00003FFF
_WRT_ENABLE_OFF                   00003DFF
_WRT_ENABLE_ON                    00003FFF
_WRT_OFF                          00003DFF
_WRT_ON                           00003FFF
_XT_OSC                           00003FFD
__16F877A                         00000001
comando                           00000012
cte1                              00000003
cte11                             00000006
cte2                              000000FF
cte3                              000000FF
datos                             0000001B
do                                00000035
dos                               00000028
ini                               00000005
inicializacion                    0000003E
inicio                            0000004B
retardo                           00000024
retardo2                          00000031
tre                               00000033
tres                              00000026
un                                00000037
uno                               0000002A
valor1                            00000021
valor2                            00000022
valor3                            00000023


MEMORY USAGE MAP ('X' = Used,  '-' = Unused)

0000 : X----XXXXXXXXXXX XXXXXXXXXXXXXXXX XXXXXXXXXXXXXXXX XXXXXXXXXXXXXXXX
0040 : XXXXXXXXXXXXXXX- ---------------- ---------------- ----------------

All other memory blocks unused.

Program Memory Words Used:    75
Program Memory Words Free:  8117


Errors   :     0
Warnings :     3 reported,     0 suppressed
Messages :    11 reported,     0 suppressed

