MPASM  5.51                          MAIN.ASM   5-9-2019  14:31:52         PAGE  1


LOC  OBJECT CODE     LINE SOURCE TEXT
  VALUE

Warning[205]: Found directive in column 1. (processor)
                      00001 processor 16f877
Warning[205]: Found directive in column 1. (include)
                      00002 include<p16f877.inc>
                      00001         LIST
                      00002 
                      00003 ;==========================================================================
                      00004 ;  MPASM PIC16F877 processor include
                      00005 ; 
                      00006 ;  (c) Copyright 1999-2013 Microchip Technology, All rights reserved
                      00007 ;==========================================================================
                      00008 
Message[301]: MESSAGE: (Processor-header file mismatch.  Verify selected processor.)
                      00540         LIST
Warning[205]: Found directive in column 1. (__CONFIG)
2007   3FF2           00003 __CONFIG _FOSC_HS & _WDTE_OFF & _PWRTE_ON & _CP_OFF
  00000032            00004 val3 equ 0x32
  00000033            00005 val4 equ 0x33
  00000034            00006 val5 equ 0x34
  00000035            00007 val6 equ 0x35
                      00008 ;Codigo
0000                  00009         org 0
0000   2805           00010         goto INICIO
0005                  00011         org 5
0005                  00012 INICIO
0005   2276           00013         call Configurar_Puertos
0006   3080           00014         movlw h'80'
0007   00B2           00015         movwf val3
0008   30C0           00016         movlw h'C0'
0009   00B4           00017         movwf val5
000A   308F           00018         movlw h'8F'
000B   00B3           00019         movwf val4
000C   30CF           00020         movlw h'CF'
000D   00B5           00021         movwf val6
000E                  00022 START
000E   205A           00023         call DIPSWICH ;Llamamos a la rutina del dipswitch
000F   280E           00024         goto START
                      00025         include<C:\Users\ramse\Downloads\LCD\LCD.inc>
  00000030            00001 val1 equ 0x30
  00000031            00002 val2 equ 0x31
                      00003 
0010                  00004 LCD_Inicializa
0010   1308           00005         bcf PORTD,h'06' ;Pone RS = 0 -> ERS00 0000
0011   3038           00006         movlw 0x38      ; 8 BITS - DOS RENGLONES
0012   0086           00007     movwf PORTB
0013   201F           00008         call LCD_Comando
0014   3001           00009         movlw h'01' ;Pasamos el h'01' a w   w = 0ch  Limpia la pantalla
0015   0086           00010         movwf PORTB ; PortB <- w
0016   201F           00011         call LCD_Comando ;Llamanos a la rutina comando
0017   300C           00012         movlw h'0C' ;Pasamos el h'0C' a w   w = 01h  Nos coloca el primer renglón primera columna
0018   0086           00013         movwf PORTB ; PortB <- w
0019   201F           00014         call LCD_Comando ;Llamanos a la rutina comando
001A   303C           00015         movlw h'3C' ;Pasamos el h'3C' a w   w = 3Ch  Da de alta el cursor
MPASM  5.51                          MAIN.ASM   5-9-2019  14:31:52         PAGE  2


LOC  OBJECT CODE     LINE SOURCE TEXT
  VALUE

001B   0086           00016         movwf PORTB ; PortB <- w
001C   201F           00017         call LCD_Comando ;Llamanos a la rutina comando
001D   1708           00018         bsf PORTD,h'06' ;Pone RS = 1
001E   0008           00019         return
                      00020 
001F                  00021 LCD_Comando
001F   1788           00022         bsf PORTD,h'07' ;Pone E = 1 -> ERS00 0000
0020   202D           00023         call DELAY ;Retardos
0021   202D           00024         call DELAY
0022   1388           00025         bcf PORTD,h'07' ;Pone E = 0
0023   202D           00026         call DELAY
0024   0008           00027         return
                      00028 
0025                  00029 LCD_Envia
0025   1708           00030         bsf PORTD,h'06' ;Pone RS = 1
0026   201F           00031         call LCD_Comando
0027   0008           00032         return
                      00033 
0028                  00034 LCD_Linea2
0028   1308           00035         bcf PORTD, h'06' ;Pone RS = 0
0029   30C0           00036         movlw h'C0' ;Inicia en el segundo renglon primera columna
002A   0086           00037         movwf PORTB
002B   201F           00038         call LCD_Comando
002C   0008           00039         return
                      00040 
002D                  00041 DELAY
002D   3096           00042         movlw .150
002E   00B1           00043         movwf val2
                      00044 
002F                  00045 ciclo
002F   3096           00046         movlw .150
0030   00B0           00047         movwf val1
                      00048 
0031                  00049 ciclo2
0031   0BB0           00050         decfsz val1,h'01'
0032   2831           00051         goto ciclo2
0033   0BB1           00052         decfsz val2,h'01'
0034   282F           00053         goto ciclo
0035   0008           00054         return
                      00055 
0036                  00056 LCD_Desplazamiento_D
0036   1308           00057         bcf PORTD,h'06' ;Pone RS = 0 -> ERS00 0000
0037   3001           00058         movlw h'01' ;Pasamos el h'01' a w   w = 0ch  Limpia la pantalla
0038   0086           00059         movwf PORTB ; PortB <- w
0039   201F           00060         call LCD_Comando ;Llamanos a la rutina comando
003A   0832           00061         movf val3,w ;Pasamos el h'0C' a w   w = 01h  Nos coloca el primer renglón primera columna
003B   0086           00062         movwf PORTB ; PortB <- w
003C   201F           00063         call LCD_Comando ;Llamanos a la rutina comando
003D   303C           00064         movlw h'3C' ;Pasamos el h'01' a w   w = 0ch  Da de alta el cursor
003E   0086           00065         movwf PORTB ; PortB <- w
003F   201F           00066         call LCD_Comando ;Llamanos a la rutina comando
0040   1708           00067         bsf PORTD,h'06' ;Pone RS = 1
0041   0008           00068         return
MPASM  5.51                          MAIN.ASM   5-9-2019  14:31:52         PAGE  3


LOC  OBJECT CODE     LINE SOURCE TEXT
  VALUE

0042                  00069 LCD_Desplazamiento_Dinf
0042   1308           00070         bcf PORTD,h'06' ;Pone RS = 0 -> ERS00 0000
0043   0834           00071         movf val5,w ;Pasamos el h'0C' a w   w = 01h  Nos coloca el primer renglón primera columna
0044   0086           00072         movwf PORTB ; PortB <- w
0045   201F           00073         call LCD_Comando ;Llamanos a la rutina comando
0046   1708           00074         bsf PORTD,h'06' ;Pone RS = 1
0047   0008           00075         return
                      00076 
0048                  00077 LCD_Desplazamiento_I
0048   1308           00078         bcf PORTD,h'06' ;Pone RS = 0 -> ERS00 0000
0049   3001           00079         movlw h'01' ;Pasamos el h'01' a w   w = 0ch  Limpia la pantalla
004A   0086           00080         movwf PORTB ; PortB <- w
004B   201F           00081         call LCD_Comando ;Llamanos a la rutina comando
004C   0833           00082         movf val4,w ;Pasamos el h'0C' a w   w = 01h  Nos coloca el primer renglón primera columna
004D   0086           00083         movwf PORTB ; PortB <- w
004E   201F           00084         call LCD_Comando ;Llamanos a la rutina comando
004F   303C           00085         movlw h'3C' ;Pasamos el h'01' a w   w = 0ch  Da de alta el cursor
0050   0086           00086         movwf PORTB ; PortB <- w
0051   201F           00087         call LCD_Comando ;Llamanos a la rutina comando
0052   1708           00088         bsf PORTD,h'06' ;Pone RS = 1
0053   0008           00089         return
                      00090 
0054                  00091 LCD_Desplazamiento_Iinf
0054   1308           00092         bcf PORTD,h'06' ;Pone RS = 0 -> ERS00 0000
0055   0835           00093         movf val6,w ;Pasamos el h'0C' a w   w = 01h  Nos coloca el primer renglón primera columna
0056   0086           00094         movwf PORTB ; PortB <- w
0057   201F           00095         call LCD_Comando ;Llamanos a la rutina comando
0058   1708           00096         bsf PORTD,h'06' ;Pone RS = 1
0059   0008           00097         return
                      00026         include<C:\Users\ramse\Downloads\LCD\DSLCD.inc>
005A                  00001 DIPSWICH
005A   3000           00002         movlw h'00'
005B   0205           00003         subwf PORTA,W
005C   1903           00004         btfsc STATUS,H'02'
005D   206B           00005         call CERO
                      00006 
005E   3001           00007         movlw h'01'
005F   0205           00008         subwf PORTA,W
0060   1903           00009         btfsc STATUS,H'02'
0061   2070           00010         call UNO
                      00011 
0062   3002           00012         movlw h'02'
0063   0205           00013         subwf PORTA,W
0064   1903           00014         btfsc STATUS,H'02'
0065   207F           00015         call DOS
                      00016 
0066   3003           00017         movlw h'03'
0067   0205           00018         subwf PORTA,W
0068   1903           00019         btfsc STATUS,H'02'
0069   208E           00020         call TRES
                      00021 
006A   0008           00022         return
006B                  00023 CERO
MPASM  5.51                          MAIN.ASM   5-9-2019  14:31:52         PAGE  4


LOC  OBJECT CODE     LINE SOURCE TEXT
  VALUE

006B   2010           00024         call LCD_Inicializa
006C   209E           00025         call MENSAJE_1
006D   2028           00026         call LCD_Linea2
006E   20BD           00027         call MENSAJE_2
006F   0008           00028         return
0070                  00029 UNO
0070   2036           00030         call LCD_Desplazamiento_D
0071   209E           00031         call MENSAJE_1
0072   2042           00032         call LCD_Desplazamiento_Dinf
0073   20BD           00033         call MENSAJE_2
Message[305]: Using default destination of 1 (file).
0074   0AB2           00034         incf val3
Message[305]: Using default destination of 1 (file).
0075   0AB4           00035         incf val5
0076   3090           00036         movlw h'90'
0077   0232           00037         subwf val3,W
0078   1903           00038         btfsc STATUS,H'02'
0079   2092           00039         call SALTO
007A   30D0           00040         movlw h'D0'
007B   0234           00041         subwf val5,W
007C   1903           00042         btfsc STATUS,H'02'
007D   2095           00043         call SALTO2
007E   0008           00044         return
007F                  00045 DOS
007F   2048           00046         call LCD_Desplazamiento_I
0080   209E           00047         call MENSAJE_1
0081   2054           00048         call LCD_Desplazamiento_Iinf
0082   20BD           00049         call MENSAJE_2
Message[305]: Using default destination of 1 (file).
0083   03B3           00050         decf val4
Message[305]: Using default destination of 1 (file).
0084   03B5           00051         decf val6
0085   307F           00052         movlw h'7F'
0086   0233           00053         subwf val4,W
0087   1903           00054         btfsc STATUS,H'02'
0088   2098           00055         call SALTO3
0089   30BF           00056         movlw h'BF'
008A   0235           00057         subwf val6,W
008B   1903           00058         btfsc STATUS,H'02'
008C   209B           00059         call SALTO4
008D   0008           00060         return
008E                  00061 TRES
008E   2258           00062         call CREATE_Casa
008F   2010           00063         call LCD_Inicializa
0090   20E8           00064         call MENSAJE_3
0091   0008           00065         return
0092                  00066 SALTO
0092   3080           00067         movlw h'80'
0093   00B2           00068         movwf val3
0094   0008           00069         return
0095                  00070 SALTO2
0095   30C0           00071         movlw h'C0'
0096   00B4           00072         movwf val5
MPASM  5.51                          MAIN.ASM   5-9-2019  14:31:52         PAGE  5


LOC  OBJECT CODE     LINE SOURCE TEXT
  VALUE

0097   0008           00073         return
0098                  00074 SALTO3
0098   308F           00075         movlw h'8F'
0099   00B3           00076         movwf val4
009A   0008           00077         return
009B                  00078 SALTO4
009B   30CF           00079         movlw h'CF'
009C   00B5           00080         movwf val6
009D   0008           00081         return
                      00027         include<C:\Users\ramse\Downloads\LCD\mensajes.inc>
009E                  00001 MENSAJE_1
009E   3052           00002         movlw 'R'
009F   0086           00003         movwf PORTB
00A0   2025           00004         call LCD_Envia
00A1   3041           00005         movlw 'A'
00A2   0086           00006         movwf PORTB
00A3   2025           00007         call LCD_Envia
00A4   304D           00008         movlw 'M'
00A5   0086           00009         movwf PORTB
00A6   2025           00010         call LCD_Envia
00A7   3053           00011         movlw 'S'
00A8   0086           00012         movwf PORTB
00A9   2025           00013         call LCD_Envia
00AA   3045           00014         movlw 'E'
00AB   0086           00015         movwf PORTB
00AC   2025           00016         call LCD_Envia
00AD   3053           00017         movlw 'S'
00AE   0086           00018         movwf PORTB
00AF   2025           00019         call LCD_Envia
00B0   3020           00020         movlw ' '
00B1   0086           00021         movwf PORTB
00B2   2025           00022         call LCD_Envia
00B3   30D7           00023         movlw h'D7'
00B4   0086           00024         movwf PORTB
00B5   2025           00025         call LCD_Envia
00B6   30D0           00026         movlw h'D0'
00B7   0086           00027         movwf PORTB
00B8   2025           00028         call LCD_Envia
00B9   3020           00029         movlw ' '
00BA   0086           00030         movwf PORTB
00BB   2025           00031         call LCD_Envia
00BC   0008           00032         return
00BD                  00033 MENSAJE_2
00BD   3043           00034         movlw 'C'
00BE   0086           00035         movwf PORTB
00BF   2025           00036         call LCD_Envia
00C0   3041           00037         movlw 'A'
00C1   0086           00038         movwf PORTB
00C2   2025           00039         call LCD_Envia
00C3   3053           00040         movlw 'S'
00C4   0086           00041         movwf PORTB
00C5   2025           00042         call LCD_Envia
00C6   3054           00043         movlw 'T'
MPASM  5.51                          MAIN.ASM   5-9-2019  14:31:52         PAGE  6


LOC  OBJECT CODE     LINE SOURCE TEXT
  VALUE

00C7   0086           00044         movwf PORTB
00C8   2025           00045         call LCD_Envia
00C9   3052           00046         movlw 'R'
00CA   0086           00047         movwf PORTB
00CB   2025           00048         call LCD_Envia
00CC   304F           00049         movlw 'O'
00CD   0086           00050         movwf PORTB
00CE   2025           00051         call LCD_Envia
00CF   3020           00052         movlw ' '
00D0   0086           00053         movwf PORTB
00D1   2025           00054         call LCD_Envia
00D2   304D           00055         movlw 'M'
00D3   0086           00056         movwf PORTB
00D4   2025           00057         call LCD_Envia
00D5   304F           00058         movlw 'O'
00D6   0086           00059         movwf PORTB
00D7   2025           00060         call LCD_Envia
00D8   304C           00061         movlw 'L'
00D9   0086           00062         movwf PORTB
00DA   2025           00063         call LCD_Envia
00DB   3041           00064         movlw 'A'
00DC   0086           00065         movwf PORTB
00DD   2025           00066         call LCD_Envia
00DE   304E           00067         movlw 'N'
00DF   0086           00068         movwf PORTB
00E0   2025           00069         call LCD_Envia
00E1   304F           00070         movlw 'O'
00E2   0086           00071         movwf PORTB
00E3   2025           00072         call LCD_Envia
00E4   3020           00073         movlw ' '
00E5   0086           00074         movwf PORTB
00E6   2025           00075         call LCD_Envia  
00E7   0008           00076         return
                      00077 
00E8                  00078 MENSAJE_3
00E8   3000           00079         movlw h'00'
00E9   0086           00080         movwf PORTB
00EA   2025           00081         call LCD_Envia
00EB   3000           00082         movlw h'00'
00EC   0086           00083         movwf PORTB
00ED   2025           00084         call LCD_Envia
00EE   3000           00085         movlw h'00'
00EF   0086           00086         movwf PORTB
00F0   2025           00087         call LCD_Envia
00F1   3000           00088         movlw h'00'
00F2   0086           00089         movwf PORTB
00F3   2025           00090         call LCD_Envia
00F4   3020           00091         movlw ' '
00F5   0086           00092         movwf PORTB
00F6   2025           00093         call LCD_Envia
00F7   3020           00094         movlw ' '
00F8   0086           00095         movwf PORTB
00F9   2025           00096         call LCD_Envia
MPASM  5.51                          MAIN.ASM   5-9-2019  14:31:52         PAGE  7


LOC  OBJECT CODE     LINE SOURCE TEXT
  VALUE

00FA   3020           00097         movlw ' '
00FB   0086           00098         movwf PORTB
00FC   2025           00099         call LCD_Envia
00FD   3020           00100         movlw ' '
00FE   0086           00101         movwf PORTB
00FF   2025           00102         call LCD_Envia
0100   3020           00103         movlw ' '
0101   0086           00104         movwf PORTB
0102   2025           00105         call LCD_Envia
0103   3020           00106         movlw ' '
0104   0086           00107         movwf PORTB
0105   2025           00108         call LCD_Envia
0106   3020           00109         movlw ' '
0107   0086           00110         movwf PORTB
0108   2025           00111         call LCD_Envia
0109   3020           00112         movlw ' '
010A   0086           00113         movwf PORTB
010B   2025           00114         call LCD_Envia
010C   3000           00115         movlw h'00'
010D   0086           00116         movwf PORTB
010E   2025           00117         call LCD_Envia
010F   3000           00118         movlw h'00'
0110   0086           00119         movwf PORTB
0111   2025           00120         call LCD_Envia
0112   3000           00121         movlw h'00'
0113   0086           00122         movwf PORTB
0114   2025           00123         call LCD_Envia
0115   3000           00124         movlw h'00'
0116   0086           00125         movwf PORTB
0117   2025           00126         call LCD_Envia
0118   2028           00127         call LCD_Linea2
0119   3020           00128         movlw ' '
011A   0086           00129         movwf PORTB
011B   2025           00130         call LCD_Envia
011C   3020           00131         movlw ' '
011D   0086           00132         movwf PORTB
011E   2025           00133         call LCD_Envia
011F   3020           00134         movlw ' '
0120   0086           00135         movwf PORTB
0121   2025           00136         call LCD_Envia
0122   3020           00137         movlw ' '
0123   0086           00138         movwf PORTB
0124   2025           00139         call LCD_Envia
0125   3000           00140         movlw h'00'
0126   0086           00141         movwf PORTB
0127   2025           00142         call LCD_Envia
0128   3000           00143         movlw h'00'
0129   0086           00144         movwf PORTB
012A   2025           00145         call LCD_Envia
012B   3000           00146         movlw h'00'
012C   0086           00147         movwf PORTB
012D   2025           00148         call LCD_Envia  
012E   3000           00149         movlw h'00'
MPASM  5.51                          MAIN.ASM   5-9-2019  14:31:52         PAGE  8


LOC  OBJECT CODE     LINE SOURCE TEXT
  VALUE

012F   0086           00150         movwf PORTB
0130   2025           00151         call LCD_Envia
0131   3000           00152         movlw h'00'
0132   0086           00153         movwf PORTB
0133   2025           00154         call LCD_Envia
0134   3000           00155         movlw h'00'
0135   0086           00156         movwf PORTB
0136   2025           00157         call LCD_Envia
0137   3000           00158         movlw h'00'
0138   0086           00159         movwf PORTB
0139   2025           00160         call LCD_Envia  
013A   3000           00161         movlw h'00'
013B   0086           00162         movwf PORTB
013C   2025           00163         call LCD_Envia
013D   3020           00164         movlw ' '
013E   0086           00165         movwf PORTB
013F   2025           00166         call LCD_Envia
0140   3020           00167         movlw ' '
0141   0086           00168         movwf PORTB
0142   2025           00169         call LCD_Envia
0143   3020           00170         movlw ' '
0144   0086           00171         movwf PORTB
0145   2025           00172         call LCD_Envia
0146   3020           00173         movlw ' '
0147   0086           00174         movwf PORTB
0148   2025           00175         call LCD_Envia
0149   0008           00176         return
                      00028         include<C:\Users\ramse\Downloads\LCD\Crear_Mensajes.inc>
014A                  00001 CREATE_0
014A   1308           00002         bcf PORTD,h'06' ;Pone RS = 0 -> ERS00 0000
014B   3050           00003         movlw h'50' ;Pasamos h'40' a w  w = 40h  Escribiremos en la posición 0
014C   0086           00004         movwf PORTB ; PortB <- w
014D   201F           00005         call LCD_Comando ;Llamanos a la rutina comando
                      00006         ;Escribe el caracter
014E   1708           00007         bsf PORTD,h'06' ;Pone RW = 1 -> ERSRW0 0000
                      00008 
014F   3000           00009         movlw h'00' 
0150   0086           00010         movwf PORTB ; PortB <- w
0151   201F           00011         call LCD_Comando ;Llamanos a la rutina comando
                      00012 
0152   3003           00013         movlw h'03' 
0153   0086           00014         movwf PORTB ; PortB <- w
0154   201F           00015         call LCD_Comando ;Llamanos a la rutina comando
                      00016 
0155   3007           00017         movlw h'07' 
0156   0086           00018         movwf PORTB ; PortB <- w
0157   201F           00019         call LCD_Comando ;Llamanos a la rutina comando
                      00020 
0158   300E           00021         movlw h'0E' 
0159   0086           00022         movwf PORTB ; PortB <- w
015A   201F           00023         call LCD_Comando ;Llamanos a la rutina comando
                      00024 
015B   301D           00025         movlw h'1D' 
MPASM  5.51                          MAIN.ASM   5-9-2019  14:31:52         PAGE  9


LOC  OBJECT CODE     LINE SOURCE TEXT
  VALUE

015C   0086           00026         movwf PORTB ; PortB <- w
015D   201F           00027         call LCD_Comando ;Llamanos a la rutina comando
                      00028 
015E   3019           00029         movlw h'19' 
015F   0086           00030         movwf PORTB ; PortB <- w
0160   201F           00031         call LCD_Comando ;Llamanos a la rutina comando
                      00032 
0161   301D           00033         movlw h'1D' 
0162   0086           00034         movwf PORTB ; PortB <- w
0163   201F           00035         call LCD_Comando ;Llamanos a la rutina comando
                      00036 
0164   300F           00037         movlw h'0F' 
0165   0086           00038         movwf PORTB ; PortB <- w
0166   201F           00039         call LCD_Comando ;Llamanos a la rutina comando
0167   0008           00040         return
                      00041 
0168                  00042 CREATE_1
0168   1308           00043         bcf PORTD,h'06' ;Pone RS = 0 -> ERS00 0000
0169   3048           00044         movlw h'48' ;Pasamos h'40' a w  w = 40h  Escribiremos en la posición 0
016A   0086           00045         movwf PORTB ; PortB <- w
016B   201F           00046         call LCD_Comando ;Llamanos a la rutina comando
                      00047         ;Escribe el caracter
016C   1708           00048         bsf PORTD,h'06' ;Pone RW = 1 -> ERSRW0 0000
                      00049         
016D   3000           00050         movlw h'00' 
016E   0086           00051         movwf PORTB ; PortB <- w
016F   201F           00052         call LCD_Comando ;Llamanos a la rutina comando
                      00053 
0170   301F           00054         movlw h'1F' 
0171   0086           00055         movwf PORTB ; PortB <- w
0172   201F           00056         call LCD_Comando ;Llamanos a la rutina comando
                      00057 
0173   301F           00058         movlw h'1F' 
0174   0086           00059         movwf PORTB ; PortB <- w
0175   201F           00060         call LCD_Comando ;Llamanos a la rutina comando
                      00061 
0176   3018           00062         movlw h'18' 
0177   0086           00063         movwf PORTB ; PortB <- w
0178   201F           00064         call LCD_Comando ;Llamanos a la rutina comando
                      00065 
0179   3010           00066         movlw h'10' 
017A   0086           00067         movwf PORTB ; PortB <- w
017B   201F           00068         call LCD_Comando ;Llamanos a la rutina comando
                      00069 
017C   3010           00070         movlw h'10' 
017D   0086           00071         movwf PORTB ; PortB <- w
017E   201F           00072         call LCD_Comando ;Llamanos a la rutina comando
                      00073 
017F   301F           00074         movlw h'1F' 
0180   0086           00075         movwf PORTB ; PortB <- w
0181   201F           00076         call LCD_Comando ;Llamanos a la rutina comando
                      00077 
0182   301F           00078         movlw h'1F' 
MPASM  5.51                          MAIN.ASM   5-9-2019  14:31:52         PAGE 10


LOC  OBJECT CODE     LINE SOURCE TEXT
  VALUE

0183   0086           00079         movwf PORTB ; PortB <- w
0184   201F           00080         call LCD_Comando ;Llamanos a la rutina comando
0185   0008           00081         return
0186                  00082 CREATE_2
0186   1308           00083         bcf PORTD,h'06' ;Pone RS = 0 -> ERS00 0000
0187   3040           00084         movlw h'40' ;Pasamos h'40' a w  w = 40h  Escribiremos en la posición 0
0188   0086           00085         movwf PORTB ; PortB <- w
0189   201F           00086         call LCD_Comando ;Llamanos a la rutina comando
                      00087         ;Escribe el caracter
018A   1708           00088         bsf PORTD,h'06' ;Pone RW = 1 -> ERSRW0 0000
                      00089 
018B   3000           00090         movlw h'00' 
018C   0086           00091         movwf PORTB ; PortB <- w
018D   201F           00092         call LCD_Comando ;Llamanos a la rutina comando
                      00093 
018E   301F           00094         movlw h'1F' 
018F   0086           00095         movwf PORTB ; PortB <- w
0190   201F           00096         call LCD_Comando ;Llamanos a la rutina comando
                      00097 
0191   301F           00098         movlw h'1F' 
0192   0086           00099         movwf PORTB ; PortB <- w
0193   201F           00100         call LCD_Comando ;Llamanos a la rutina comando
                      00101 
0194   3006           00102         movlw h'06' 
0195   0086           00103         movwf PORTB ; PortB <- w
0196   201F           00104         call LCD_Comando ;Llamanos a la rutina comando
                      00105 
0197   3003           00106         movlw h'03' 
0198   0086           00107         movwf PORTB ; PortB <- w
0199   201F           00108         call LCD_Comando ;Llamanos a la rutina comando
                      00109 
019A   3001           00110         movlw h'01' 
019B   0086           00111         movwf PORTB ; PortB <- w
019C   201F           00112         call LCD_Comando ;Llamanos a la rutina comando
                      00113 
019D   301F           00114         movlw h'1F' 
019E   0086           00115         movwf PORTB ; PortB <- w
019F   201F           00116         call LCD_Comando ;Llamanos a la rutina comando
                      00117 
01A0   301F           00118         movlw h'1F' 
01A1   0086           00119         movwf PORTB ; PortB <- w
01A2   201F           00120         call LCD_Comando ;Llamanos a la rutina comando
01A3   0008           00121         return
                      00122 
01A4                  00123 CREATE_3
01A4   1308           00124         bcf PORTD,h'06' ;Pone RS = 0 -> ERS00 0000
01A5   3040           00125         movlw h'40' ;Pasamos h'40' a w  w = 40h  Escribiremos en la posición 0
01A6   0086           00126         movwf PORTB ; PortB <- w
01A7   201F           00127         call LCD_Comando ;Llamanos a la rutina comando
                      00128         ;Escribe el caracter
01A8   1708           00129         bsf PORTD,h'06' ;Pone RW = 1 -> ERSRW0 0000
                      00130 
01A9   3000           00131         movlw h'00' 
MPASM  5.51                          MAIN.ASM   5-9-2019  14:31:52         PAGE 11


LOC  OBJECT CODE     LINE SOURCE TEXT
  VALUE

01AA   0086           00132         movwf PORTB ; PortB <- w
01AB   201F           00133         call LCD_Comando ;Llamanos a la rutina comando
                      00134 
01AC   3018           00135         movlw h'18' 
01AD   0086           00136         movwf PORTB ; PortB <- w
01AE   201F           00137         call LCD_Comando ;Llamanos a la rutina comando
                      00138 
01AF   301E           00139         movlw h'1E' 
01B0   0086           00140         movwf PORTB ; PortB <- w
01B1   201F           00141         call LCD_Comando ;Llamanos a la rutina comando
                      00142 
01B2   301E           00143         movlw h'1E' 
01B3   0086           00144         movwf PORTB ; PortB <- w
01B4   201F           00145         call LCD_Comando ;Llamanos a la rutina comando
                      00146 
01B5   3017           00147         movlw h'17' 
01B6   0086           00148         movwf PORTB ; PortB <- w
01B7   201F           00149         call LCD_Comando ;Llamanos a la rutina comando
                      00150 
01B8   3003           00151         movlw h'03' 
01B9   0086           00152         movwf PORTB ; PortB <- w
01BA   201F           00153         call LCD_Comando ;Llamanos a la rutina comando
                      00154 
01BB   3007           00155         movlw h'07' 
01BC   0086           00156         movwf PORTB ; PortB <- w
01BD   201F           00157         call LCD_Comando ;Llamanos a la rutina comando
                      00158 
01BE   3016           00159         movlw h'16' 
01BF   0086           00160         movwf PORTB ; PortB <- w
01C0   201F           00161         call LCD_Comando ;Llamanos a la rutina comando
01C1   0008           00162         return
                      00163 
01C2                  00164 CREATE_4
01C2   1308           00165         bcf PORTD,h'06' ;Pone RS = 0 -> ERS00 0000
01C3   3040           00166         movlw h'40' ;Pasamos h'40' a w  w = 40h  Escribiremos en la posición 0
01C4   0086           00167         movwf PORTB ; PortB <- w
01C5   201F           00168         call LCD_Comando ;Llamanos a la rutina comando
                      00169         ;Escribe el caracter
01C6   1708           00170         bsf PORTD,h'06' ;Pone RW = 1 -> ERSRW0 0000
                      00171 
01C7   3007           00172         movlw h'07' 
01C8   0086           00173         movwf PORTB ; PortB <- w
01C9   201F           00174         call LCD_Comando ;Llamanos a la rutina comando
                      00175 
01CA   3003           00176         movlw h'03' 
01CB   0086           00177         movwf PORTB ; PortB <- w
01CC   201F           00178         call LCD_Comando ;Llamanos a la rutina comando
                      00179 
01CD   3001           00180         movlw h'01' 
01CE   0086           00181         movwf PORTB ; PortB <- w
01CF   201F           00182         call LCD_Comando ;Llamanos a la rutina comando
                      00183 
01D0   3000           00184         movlw h'00' 
MPASM  5.51                          MAIN.ASM   5-9-2019  14:31:52         PAGE 12


LOC  OBJECT CODE     LINE SOURCE TEXT
  VALUE

01D1   0086           00185         movwf PORTB ; PortB <- w
01D2   201F           00186         call LCD_Comando ;Llamanos a la rutina comando
                      00187 
01D3   3000           00188         movlw h'00' 
01D4   0086           00189         movwf PORTB ; PortB <- w
01D5   201F           00190         call LCD_Comando ;Llamanos a la rutina comando
                      00191 
01D6   3000           00192         movlw h'00' 
01D7   0086           00193         movwf PORTB ; PortB <- w
01D8   201F           00194         call LCD_Comando ;Llamanos a la rutina comando
                      00195 
01D9   3000           00196         movlw h'00' 
01DA   0086           00197         movwf PORTB ; PortB <- w
01DB   201F           00198         call LCD_Comando ;Llamanos a la rutina comando
                      00199 
01DC   3000           00200         movlw h'00' 
01DD   0086           00201         movwf PORTB ; PortB <- w
01DE   201F           00202         call LCD_Comando ;Llamanos a la rutina comando
01DF   0008           00203         return
                      00204 
01E0                  00205 CREATE_5
01E0   1308           00206         bcf PORTD,h'06' ;Pone RS = 0 -> ERS00 0000
01E1   3040           00207         movlw h'40' ;Pasamos h'40' a w  w = 40h  Escribiremos en la posición 0
01E2   0086           00208         movwf PORTB ; PortB <- w
01E3   201F           00209         call LCD_Comando ;Llamanos a la rutina comando
                      00210         ;Escribe el caracter
01E4   1708           00211         bsf PORTD,h'06' ;Pone RW = 1 -> ERSRW0 0000
                      00212 
01E5   3000           00213         movlw h'00' 
01E6   0086           00214         movwf PORTB ; PortB <- w
01E7   201F           00215         call LCD_Comando ;Llamanos a la rutina comando
                      00216 
01E8   3016           00217         movlw h'16' 
01E9   0086           00218         movwf PORTB ; PortB <- w
01EA   201F           00219         call LCD_Comando ;Llamanos a la rutina comando
                      00220 
01EB   301F           00221         movlw h'1F' 
01EC   0086           00222         movwf PORTB ; PortB <- w
01ED   201F           00223         call LCD_Comando ;Llamanos a la rutina comando
                      00224 
01EE   301C           00225         movlw h'1C' 
01EF   0086           00226         movwf PORTB ; PortB <- w
01F0   201F           00227         call LCD_Comando ;Llamanos a la rutina comando
                      00228 
01F1   300E           00229         movlw h'0E' 
01F2   0086           00230         movwf PORTB ; PortB <- w
01F3   201F           00231         call LCD_Comando ;Llamanos a la rutina comando
                      00232 
01F4   3007           00233         movlw h'07' 
01F5   0086           00234         movwf PORTB ; PortB <- w
01F6   201F           00235         call LCD_Comando ;Llamanos a la rutina comando
                      00236 
01F7   3003           00237         movlw h'03' 
MPASM  5.51                          MAIN.ASM   5-9-2019  14:31:52         PAGE 13


LOC  OBJECT CODE     LINE SOURCE TEXT
  VALUE

01F8   0086           00238         movwf PORTB ; PortB <- w
01F9   201F           00239         call LCD_Comando ;Llamanos a la rutina comando
                      00240 
01FA   3001           00241         movlw h'01' 
01FB   0086           00242         movwf PORTB ; PortB <- w
01FC   201F           00243         call LCD_Comando ;Llamanos a la rutina comando
01FD   0008           00244         return
                      00245 
01FE                  00246 CREATE_6
01FE   1308           00247         bcf PORTD,h'06' ;Pone RS = 0 -> ERS00 0000
01FF   3040           00248         movlw h'40' ;Pasamos h'40' a w  w = 40h  Escribiremos en la posición 0
0200   0086           00249         movwf PORTB ; PortB <- w
0201   201F           00250         call LCD_Comando ;Llamanos a la rutina comando
                      00251         ;Escribe el caracter
0202   1708           00252         bsf PORTD,h'06' ;Pone RW = 1 -> ERSRW0 0000
                      00253 
0203   3000           00254         movlw h'00' 
0204   0086           00255         movwf PORTB ; PortB <- w
0205   201F           00256         call LCD_Comando ;Llamanos a la rutina comando
                      00257 
0206   300D           00258         movlw h'0D' 
0207   0086           00259         movwf PORTB ; PortB <- w
0208   201F           00260         call LCD_Comando ;Llamanos a la rutina comando
                      00261 
0209   301F           00262         movlw h'1F' 
020A   0086           00263         movwf PORTB ; PortB <- w
020B   201F           00264         call LCD_Comando ;Llamanos a la rutina comando
                      00265 
020C   3007           00266         movlw h'07' 
020D   0086           00267         movwf PORTB ; PortB <- w
020E   201F           00268         call LCD_Comando ;Llamanos a la rutina comando
                      00269 
020F   300E           00270         movlw h'0E' 
0210   0086           00271         movwf PORTB ; PortB <- w
0211   201F           00272         call LCD_Comando ;Llamanos a la rutina comando
                      00273 
0212   301C           00274         movlw h'1C' 
0213   0086           00275         movwf PORTB ; PortB <- w
0214   201F           00276         call LCD_Comando ;Llamanos a la rutina comando
                      00277 
0215   3018           00278         movlw h'18' 
0216   0086           00279         movwf PORTB ; PortB <- w
0217   201F           00280         call LCD_Comando ;Llamanos a la rutina comando
                      00281 
0218   3010           00282         movlw h'10' 
0219   0086           00283         movwf PORTB ; PortB <- w
021A   201F           00284         call LCD_Comando ;Llamanos a la rutina comando
021B   0008           00285         return
                      00286 
021C                  00287 CREATE_7
021C   1308           00288         bcf PORTD,h'06' ;Pone RS = 0 -> ERS00 0000
021D   3040           00289         movlw h'40' ;Pasamos h'40' a w  w = 40h  Escribiremos en la posición 0
021E   0086           00290         movwf PORTB ; PortB <- w
MPASM  5.51                          MAIN.ASM   5-9-2019  14:31:52         PAGE 14


LOC  OBJECT CODE     LINE SOURCE TEXT
  VALUE

021F   201F           00291         call LCD_Comando ;Llamanos a la rutina comando
                      00292         ;Escribe el caracter
0220   1708           00293         bsf PORTD,h'06' ;Pone RW = 1 -> ERSRW0 0000
                      00294 
0221   301C           00295         movlw h'1C' 
0222   0086           00296         movwf PORTB ; PortB <- w
0223   201F           00297         call LCD_Comando ;Llamanos a la rutina comando
                      00298 
0224   3018           00299         movlw h'18' 
0225   0086           00300         movwf PORTB ; PortB <- w
0226   201F           00301         call LCD_Comando ;Llamanos a la rutina comando
                      00302 
0227   3010           00303         movlw h'10' 
0228   0086           00304         movwf PORTB ; PortB <- w
0229   201F           00305         call LCD_Comando ;Llamanos a la rutina comando
                      00306 
022A   3000           00307         movlw h'00' 
022B   0086           00308         movwf PORTB ; PortB <- w
022C   201F           00309         call LCD_Comando ;Llamanos a la rutina comando
                      00310 
022D   3000           00311         movlw h'00' 
022E   0086           00312         movwf PORTB ; PortB <- w
022F   201F           00313         call LCD_Comando ;Llamanos a la rutina comando
                      00314 
0230   3000           00315         movlw h'00' 
0231   0086           00316         movwf PORTB ; PortB <- w
0232   201F           00317         call LCD_Comando ;Llamanos a la rutina comando
                      00318 
0233   3000           00319         movlw h'00' 
0234   0086           00320         movwf PORTB ; PortB <- w
0235   201F           00321         call LCD_Comando ;Llamanos a la rutina comando
                      00322 
0236   3000           00323         movlw h'00' 
0237   0086           00324         movwf PORTB ; PortB <- w
0238   201F           00325         call LCD_Comando ;Llamanos a la rutina comando
0239   0008           00326         return
                      00327 
023A                  00328 CREATE_U
023A   1308           00329         bcf PORTD,h'06' ;Pone RS = 0 -> ERS00 0000
023B   3040           00330         movlw h'40' ;Pasamos h'40' a w  w = 40h  Escribiremos en la posición 0
023C   0086           00331         movwf PORTB ; PortB <- w
023D   201F           00332         call LCD_Comando ;Llamanos a la rutina comando
                      00333         ;Escribe el caracter
023E   1708           00334         bsf PORTD,h'06' ;Pone RW = 1 -> ERSRW0 0000
                      00335 
023F   3004           00336         movlw h'04' 
0240   0086           00337         movwf PORTB ; PortB <- w
0241   201F           00338         call LCD_Comando ;Llamanos a la rutina comando
                      00339 
0242   300A           00340         movlw h'0A' 
0243   0086           00341         movwf PORTB ; PortB <- w
0244   201F           00342         call LCD_Comando ;Llamanos a la rutina comando
                      00343 
MPASM  5.51                          MAIN.ASM   5-9-2019  14:31:52         PAGE 15


LOC  OBJECT CODE     LINE SOURCE TEXT
  VALUE

0245   300A           00344         movlw h'0A' 
0246   0086           00345         movwf PORTB ; PortB <- w
0247   201F           00346         call LCD_Comando ;Llamanos a la rutina comando
                      00347 
0248   301F           00348         movlw h'1F' 
0249   0086           00349         movwf PORTB ; PortB <- w
024A   201F           00350         call LCD_Comando ;Llamanos a la rutina comando
                      00351 
024B   301F           00352         movlw h'1F' 
024C   0086           00353         movwf PORTB ; PortB <- w
024D   201F           00354         call LCD_Comando ;Llamanos a la rutina comando
                      00355 
024E   300A           00356         movlw h'0A' 
024F   0086           00357         movwf PORTB ; PortB <- w
0250   201F           00358         call LCD_Comando ;Llamanos a la rutina comando
                      00359 
0251   300A           00360         movlw h'0A' 
0252   0086           00361         movwf PORTB ; PortB <- w
0253   201F           00362         call LCD_Comando ;Llamanos a la rutina comando
                      00363 
0254   3004           00364         movlw h'04' 
0255   0086           00365         movwf PORTB ; PortB <- w
0256   201F           00366         call LCD_Comando ;Llamanos a la rutina comando
0257   0008           00367         return
                      00368 
0258                  00369 CREATE_Casa
0258   1308           00370         bcf PORTD,h'06' ;Pone RS = 0 -> ERS00 0000
0259   3040           00371         movlw h'40' ;Pasamos h'40' a w  w = 40h  Escribiremos en la posición 0
025A   0086           00372         movwf PORTB ; PortB <- w
025B   201F           00373         call LCD_Comando ;Llamanos a la rutina comando
                      00374         ;Escribe el caracter
025C   1708           00375         bsf PORTD,h'06' ;Pone RW = 1 -> ERSRW0 0000
                      00376 
025D   3004           00377         movlw h'04' 
025E   0086           00378         movwf PORTB ; PortB <- w
025F   201F           00379         call LCD_Comando ;Llamanos a la rutina comando
                      00380 
0260   300A           00381         movlw h'0A' 
0261   0086           00382         movwf PORTB ; PortB <- w
0262   201F           00383         call LCD_Comando ;Llamanos a la rutina comando
                      00384 
0263   3011           00385         movlw h'11' 
0264   0086           00386         movwf PORTB ; PortB <- w
0265   201F           00387         call LCD_Comando ;Llamanos a la rutina comando
                      00388 
0266   301F           00389         movlw h'1F' 
0267   0086           00390         movwf PORTB ; PortB <- w
0268   201F           00391         call LCD_Comando ;Llamanos a la rutina comando
                      00392 
0269   301B           00393         movlw h'1B' 
026A   0086           00394         movwf PORTB ; PortB <- w
026B   201F           00395         call LCD_Comando ;Llamanos a la rutina comando
                      00396 
MPASM  5.51                          MAIN.ASM   5-9-2019  14:31:52         PAGE 16


LOC  OBJECT CODE     LINE SOURCE TEXT
  VALUE

026C   3011           00397         movlw h'11' 
026D   0086           00398         movwf PORTB ; PortB <- w
026E   201F           00399         call LCD_Comando ;Llamanos a la rutina comando
                      00400 
026F   3015           00401         movlw h'15' 
0270   0086           00402         movwf PORTB ; PortB <- w
0271   201F           00403         call LCD_Comando ;Llamanos a la rutina comando
                      00404 
0272   3015           00405         movlw h'15' 
0273   0086           00406         movwf PORTB ; PortB <- w
0274   201F           00407         call LCD_Comando ;Llamanos a la rutina comando
0275   0008           00408         return
                      00029         include<C:\Users\ramse\Downloads\LCD\Configurar_Puertos.inc>
0276                  00001 Configurar_Puertos
0276   0185           00002         CLRF PORTA ;Limpia el portA
0277   0186           00003         CLRF PORTB ;Limpia el portB
0278   0188           00004         CLRF PORTD ;Limpia el portD
0279   1683           00005         BSF STATUS,RP0  ;Cambia la banco 1   
027A   1303           00006         BCF STATUS,RP1
Message[302]: Register in operand not in bank 0.  Ensure that bank bits are correct.
027B   0186           00007         CLRF TRISB ;Configura el puerto B como salida
Message[302]: Register in operand not in bank 0.  Ensure that bank bits are correct.
027C   0188           00008         CLRF TRISD ;Configura el puerto D como salida
027D   3006           00009         movlw h'06' 
Message[302]: Register in operand not in bank 0.  Ensure that bank bits are correct.
027E   009F           00010         movwf ADCON1 ;Configura el puerto A y E como digitales 
027F   303F           00011         MOVLW h'3F'
Message[302]: Register in operand not in bank 0.  Ensure that bank bits are correct.
0280   0085           00012         MOVWF TRISA ;Configura el puerto A como salida
0281   1283           00013         BCF STATUS,RP0 ;Regresa al banco 0
0282   0008           00014         return
                      00030         end
MPASM  5.51                          MAIN.ASM   5-9-2019  14:31:52         PAGE 17


SYMBOL TABLE
  LABEL                             VALUE 

ACKDT                             00000005
ACKEN                             00000004
ACKSTAT                           00000006
ADCON0                            0000001F
ADCON1                            0000009F
ADCS0                             00000006
ADCS1                             00000007
ADDEN                             00000003
ADFM                              00000007
ADIE                              00000006
ADIF                              00000006
ADON                              00000000
ADRESH                            0000001E
ADRESL                            0000009E
BCLIE                             00000003
BCLIF                             00000003
BF                                00000000
BRGH                              00000002
C                                 00000000
CCP1CON                           00000017
CCP1IE                            00000002
CCP1IF                            00000002
CCP1M0                            00000000
CCP1M1                            00000001
CCP1M2                            00000002
CCP1M3                            00000003
CCP1X                             00000005
CCP1Y                             00000004
CCP2CON                           0000001D
CCP2IE                            00000000
CCP2IF                            00000000
CCP2M0                            00000000
CCP2M1                            00000001
CCP2M2                            00000002
CCP2M3                            00000003
CCP2X                             00000005
CCP2Y                             00000004
CCPR1                             00000015
CCPR1H                            00000016
CCPR1L                            00000015
CCPR2                             0000001B
CCPR2H                            0000001C
CCPR2L                            0000001B
CERO                              0000006B
CHS0                              00000003
CHS1                              00000004
CHS2                              00000005
CKE                               00000006
CKP                               00000004
CREATE_0                          0000014A
CREATE_1                          00000168
CREATE_2                          00000186
CREATE_3                          000001A4
MPASM  5.51                          MAIN.ASM   5-9-2019  14:31:52         PAGE 18


SYMBOL TABLE
  LABEL                             VALUE 

CREATE_4                          000001C2
CREATE_5                          000001E0
CREATE_6                          000001FE
CREATE_7                          0000021C
CREATE_Casa                       00000258
CREATE_U                          0000023A
CREN                              00000004
CSRC                              00000007
Configurar_Puertos                00000276
D                                 00000005
DATA_ADDRESS                      00000005
DC                                00000001
DELAY                             0000002D
DIPSWICH                          0000005A
DOS                               0000007F
D_A                               00000005
D_NOT_A                           00000005
EEADR                             0000010D
EEADRH                            0000010F
EECON1                            0000018C
EECON2                            0000018D
EEDATA                            0000010C
EEDATH                            0000010E
EEIE                              00000004
EEIF                              00000004
EEPGD                             00000007
F                                 00000001
FERR                              00000002
FSR                               00000004
GCEN                              00000007
GIE                               00000007
GO                                00000002
GO_DONE                           00000002
GO_NOT_DONE                       00000002
I2C_DATA                          00000005
I2C_READ                          00000002
I2C_START                         00000003
I2C_STOP                          00000004
IBF                               00000007
IBOV                              00000005
INDF                              00000000
INICIO                            00000005
INTCON                            0000000B
INTE                              00000004
INTEDG                            00000006
INTF                              00000001
IRP                               00000007
LCD_Comando                       0000001F
LCD_Desplazamiento_D              00000036
LCD_Desplazamiento_Dinf           00000042
LCD_Desplazamiento_I              00000048
LCD_Desplazamiento_Iinf           00000054
LCD_Envia                         00000025
MPASM  5.51                          MAIN.ASM   5-9-2019  14:31:52         PAGE 19


SYMBOL TABLE
  LABEL                             VALUE 

LCD_Inicializa                    00000010
LCD_Linea2                        00000028
MENSAJE_1                         0000009E
MENSAJE_2                         000000BD
MENSAJE_3                         000000E8
NOT_A                             00000005
NOT_ADDRESS                       00000005
NOT_BO                            00000000
NOT_BOR                           00000000
NOT_DONE                          00000002
NOT_PD                            00000003
NOT_POR                           00000001
NOT_RBPU                          00000007
NOT_RC8                           00000006
NOT_T1SYNC                        00000002
NOT_TO                            00000004
NOT_TX8                           00000006
NOT_W                             00000002
NOT_WRITE                         00000002
OBF                               00000006
OERR                              00000001
OPTION_REG                        00000081
P                                 00000004
PCFG0                             00000000
PCFG1                             00000001
PCFG2                             00000002
PCFG3                             00000003
PCL                               00000002
PCLATH                            0000000A
PCON                              0000008E
PEIE                              00000006
PEN                               00000002
PIE1                              0000008C
PIE2                              0000008D
PIR1                              0000000C
PIR2                              0000000D
PORTA                             00000005
PORTB                             00000006
PORTC                             00000007
PORTD                             00000008
PORTE                             00000009
PR2                               00000092
PS0                               00000000
PS1                               00000001
PS2                               00000002
PSA                               00000003
PSPIE                             00000007
PSPIF                             00000007
PSPMODE                           00000004
R                                 00000002
RA0                               00000000
RA1                               00000001
RA2                               00000002
MPASM  5.51                          MAIN.ASM   5-9-2019  14:31:52         PAGE 20


SYMBOL TABLE
  LABEL                             VALUE 

RA3                               00000003
RA4                               00000004
RA5                               00000005
RB0                               00000000
RB1                               00000001
RB2                               00000002
RB3                               00000003
RB4                               00000004
RB5                               00000005
RB6                               00000006
RB7                               00000007
RBIE                              00000003
RBIF                              00000000
RC0                               00000000
RC1                               00000001
RC2                               00000002
RC3                               00000003
RC4                               00000004
RC5                               00000005
RC6                               00000006
RC7                               00000007
RC8_9                             00000006
RC9                               00000006
RCD8                              00000000
RCEN                              00000003
RCIE                              00000005
RCIF                              00000005
RCREG                             0000001A
RCSTA                             00000018
RD                                00000000
RD0                               00000000
RD1                               00000001
RD2                               00000002
RD3                               00000003
RD4                               00000004
RD5                               00000005
RD6                               00000006
RD7                               00000007
RE0                               00000000
RE1                               00000001
RE2                               00000002
READ_WRITE                        00000002
RP0                               00000005
RP1                               00000006
RSEN                              00000001
RX9                               00000006
RX9D                              00000000
R_NOT_W                           00000002
R_W                               00000002
S                                 00000003
SALTO                             00000092
SALTO2                            00000095
SALTO3                            00000098
MPASM  5.51                          MAIN.ASM   5-9-2019  14:31:52         PAGE 21


SYMBOL TABLE
  LABEL                             VALUE 

SALTO4                            0000009B
SEN                               00000000
SMP                               00000007
SPBRG                             00000099
SPEN                              00000007
SREN                              00000005
SSPADD                            00000093
SSPBUF                            00000013
SSPCON                            00000014
SSPCON2                           00000091
SSPEN                             00000005
SSPIE                             00000003
SSPIF                             00000003
SSPM0                             00000000
SSPM1                             00000001
SSPM2                             00000002
SSPM3                             00000003
SSPOV                             00000006
SSPSTAT                           00000094
START                             0000000E
STATUS                            00000003
SYNC                              00000004
T0CS                              00000005
T0IE                              00000005
T0IF                              00000002
T0SE                              00000004
T1CKPS0                           00000004
T1CKPS1                           00000005
T1CON                             00000010
T1INSYNC                          00000002
T1OSCEN                           00000003
T1SYNC                            00000002
T2CKPS0                           00000000
T2CKPS1                           00000001
T2CON                             00000012
TMR0                              00000001
TMR0IE                            00000005
TMR0IF                            00000002
TMR1                              0000000E
TMR1CS                            00000001
TMR1H                             0000000F
TMR1IE                            00000000
TMR1IF                            00000000
TMR1L                             0000000E
TMR1ON                            00000000
TMR2                              00000011
TMR2IE                            00000001
TMR2IF                            00000001
TMR2ON                            00000002
TOUTPS0                           00000003
TOUTPS1                           00000004
TOUTPS2                           00000005
TOUTPS3                           00000006
MPASM  5.51                          MAIN.ASM   5-9-2019  14:31:52         PAGE 22


SYMBOL TABLE
  LABEL                             VALUE 

TRES                              0000008E
TRISA                             00000085
TRISA0                            00000000
TRISA1                            00000001
TRISA2                            00000002
TRISA3                            00000003
TRISA4                            00000004
TRISA5                            00000005
TRISB                             00000086
TRISB0                            00000000
TRISB1                            00000001
TRISB2                            00000002
TRISB3                            00000003
TRISB4                            00000004
TRISB5                            00000005
TRISB6                            00000006
TRISB7                            00000007
TRISC                             00000087
TRISC0                            00000000
TRISC1                            00000001
TRISC2                            00000002
TRISC3                            00000003
TRISC4                            00000004
TRISC5                            00000005
TRISC6                            00000006
TRISC7                            00000007
TRISD                             00000088
TRISD0                            00000000
TRISD1                            00000001
TRISD2                            00000002
TRISD3                            00000003
TRISD4                            00000004
TRISD5                            00000005
TRISD6                            00000006
TRISD7                            00000007
TRISE                             00000089
TRISE0                            00000000
TRISE1                            00000001
TRISE2                            00000002
TRMT                              00000001
TX8_9                             00000006
TX9                               00000006
TX9D                              00000000
TXD8                              00000000
TXEN                              00000005
TXIE                              00000004
TXIF                              00000004
TXREG                             00000019
TXSTA                             00000098
UA                                00000001
UNO                               00000070
W                                 00000000
WCOL                              00000007
MPASM  5.51                          MAIN.ASM   5-9-2019  14:31:52         PAGE 23


SYMBOL TABLE
  LABEL                             VALUE 

WR                                00000001
WREN                              00000002
WRERR                             00000003
Z                                 00000002
_BODEN_OFF                        00003FBF
_BODEN_ON                         00003FFF
_BOREN_OFF                        00003FBF
_BOREN_ON                         00003FFF
_CONFIG                           00002007
_CPD_OFF                          00003FFF
_CPD_ON                           00003EFF
_CP_ALL                           00000FCF
_CP_HALF                          00001FDF
_CP_OFF                           00003FFF
_CP_UPPER_256                     00002FEF
_DEBUG_OFF                        00003FFF
_DEBUG_ON                         000037FF
_DEVID1                           00002006
_FOSC_EXTRC                       00003FFF
_FOSC_HS                          00003FFE
_FOSC_LP                          00003FFC
_FOSC_XT                          00003FFD
_HS_OSC                           00003FFE
_IDLOC0                           00002000
_IDLOC1                           00002001
_IDLOC2                           00002002
_IDLOC3                           00002003
_LP_OSC                           00003FFC
_LVP_OFF                          00003F7F
_LVP_ON                           00003FFF
_PWRTE_OFF                        00003FFF
_PWRTE_ON                         00003FF7
_RC_OSC                           00003FFF
_WDTE_OFF                         00003FFB
_WDTE_ON                          00003FFF
_WDT_OFF                          00003FFB
_WDT_ON                           00003FFF
_WRT_ENABLE_OFF                   00003DFF
_WRT_ENABLE_ON                    00003FFF
_WRT_OFF                          00003DFF
_WRT_ON                           00003FFF
_XT_OSC                           00003FFD
__16F877A                         00000001
ciclo                             0000002F
ciclo2                            00000031
val1                              00000030
val2                              00000031
val3                              00000032
val4                              00000033
val5                              00000034
val6                              00000035
MPASM  5.51                          MAIN.ASM   5-9-2019  14:31:52         PAGE 24


MEMORY USAGE MAP ('X' = Used,  '-' = Unused)


0000 : X----XXXXXXXXXXX XXXXXXXXXXXXXXXX XXXXXXXXXXXXXXXX XXXXXXXXXXXXXXXX
0040 : XXXXXXXXXXXXXXXX XXXXXXXXXXXXXXXX XXXXXXXXXXXXXXXX XXXXXXXXXXXXXXXX
0080 : XXXXXXXXXXXXXXXX XXXXXXXXXXXXXXXX XXXXXXXXXXXXXXXX XXXXXXXXXXXXXXXX
00C0 : XXXXXXXXXXXXXXXX XXXXXXXXXXXXXXXX XXXXXXXXXXXXXXXX XXXXXXXXXXXXXXXX
0100 : XXXXXXXXXXXXXXXX XXXXXXXXXXXXXXXX XXXXXXXXXXXXXXXX XXXXXXXXXXXXXXXX
0140 : XXXXXXXXXXXXXXXX XXXXXXXXXXXXXXXX XXXXXXXXXXXXXXXX XXXXXXXXXXXXXXXX
0180 : XXXXXXXXXXXXXXXX XXXXXXXXXXXXXXXX XXXXXXXXXXXXXXXX XXXXXXXXXXXXXXXX
01C0 : XXXXXXXXXXXXXXXX XXXXXXXXXXXXXXXX XXXXXXXXXXXXXXXX XXXXXXXXXXXXXXXX
0200 : XXXXXXXXXXXXXXXX XXXXXXXXXXXXXXXX XXXXXXXXXXXXXXXX XXXXXXXXXXXXXXXX
0240 : XXXXXXXXXXXXXXXX XXXXXXXXXXXXXXXX XXXXXXXXXXXXXXXX XXXXXXXXXXXXXXXX
0280 : XXX------------- ---------------- ---------------- ----------------
2000 : -------X-------- ---------------- ---------------- ----------------

All other memory blocks unused.

Program Memory Words Used:   639
Program Memory Words Free:  7553


Errors   :     0
Warnings :     3 reported,     0 suppressed
Messages :     9 reported,     0 suppressed

